This is pdfTeX, Version 3.14159265-2.6-1.40.19 (TeX Live 2018/Arch Linux) (preloaded format=pdflatex 2018.7.30)  7 AUG 2018 04:05
entering extended mode
 restricted \write18 enabled.
 file:line:error style messages enabled.
 %&-line parsing enabled.
**/home/takumi/Documents/workspace/tex/reports/å›ºä½“é›»å­æ§‹é€ ç‰¹è«–/report.
tex

(/home/takumi/Documents/workspace/tex/reports/å›ºä½“é›»å­æ§‹é€ ç‰¹è«–/report.t
ex
LaTeX2e <2018-04-01> patch level 2
Babel <3.18> and hyphenation patterns for 84 language(s) loaded.
(/usr/share/texmf-dist/tex/platex/jsclasses/jsarticle.cls

/usr/share/texmf-dist/tex/platex/jsclasses/jsarticle.cls:26: LaTeX Error: This 
file needs format `pLaTeX2e'
               but this is `LaTeX2e'.

See the LaTeX manual or LaTeX Companion for explanation.
Type  H <return>  for immediate help.
 ...                                              
                                                  
l.26 \NeedsTeXFormat{pLaTeX2e}
                              
The current input file will not be processed further,
because it was written for some other flavor of TeX.
You're in trouble here.  Try typing  <return>  to proceed.
If that doesn't work, type  X <return>  to quit.

) (/usr/share/texmf-dist/tex/latex/graphics/graphicx.sty
Package: graphicx 2017/06/01 v1.1a Enhanced LaTeX Graphics (DPC,SPQR)

(/usr/share/texmf-dist/tex/latex/graphics/keyval.sty
Package: keyval 2014/10/28 v1.15 key=value parser (DPC)
\KV@toks@=\toks14
)
(/usr/share/texmf-dist/tex/latex/graphics/graphics.sty
Package: graphics 2017/06/25 v1.2c Standard LaTeX Graphics (DPC,SPQR)

(/usr/share/texmf-dist/tex/latex/graphics/trig.sty
Package: trig 2016/01/03 v1.10 sin cos tan (DPC)
)
(/usr/share/texmf-dist/tex/latex/graphics-cfg/graphics.cfg
File: graphics.cfg 2016/06/04 v1.11 sample graphics configuration
)
Package graphics Info: Driver file: dvipdfmx.def on input line 99.

(/usr/share/texmf-dist/tex/latex/graphics-def/dvipdfmx.def
File: dvipdfmx.def 2017/06/24 v5.0g Graphics/color driver for dvipdfmx
))
\Gin@req@height=\dimen102
\Gin@req@width=\dimen103
) (./report.aux)
\openout1 = `report.aux'.

LaTeX Font Info:    Checking defaults for OML/cmm/m/it on input line 3.
LaTeX Font Info:    ... okay on input line 3.
LaTeX Font Info:    Checking defaults for T1/cmr/m/n on input line 3.
LaTeX Font Info:    ... okay on input line 3.
LaTeX Font Info:    Checking defaults for OT1/cmr/m/n on input line 3.
LaTeX Font Info:    ... okay on input line 3.
LaTeX Font Info:    Checking defaults for OMS/cmsy/m/n on input line 3.
LaTeX Font Info:    ... okay on input line 3.
LaTeX Font Info:    Checking defaults for OMX/cmex/m/n on input line 3.
LaTeX Font Info:    ... okay on input line 3.
LaTeX Font Info:    Checking defaults for U/cmr/m/n on input line 3.
LaTeX Font Info:    ... okay on input line 3.


/home/takumi/Documents/workspace/tex/reports/å›ºä½“é›»å­æ§‹é€ ç‰¹è«–/report.te
x:3: LaTeX Error: The font size command \normalsize is not defined:
               there is probably something wrong with the class file.

See the LaTeX manual or LaTeX Companion for explanation.
Type  H <return>  for immediate help.
 ...                                              
                                                  
l.3 \begin{document}
                    
Your command was ignored.
Type  I <command> <return>  to replace it with another command,
or  <return>  to continue without it.

/home/takumi/Documents/workspace/tex/reports/å›ºä½“é›»å­æ§‹é€ ç‰¹è«–/report.te
x:7: Undefined control sequence.
l.7 \maketitle
              
The control sequence at the end of the top line
of your error message was never \def'ed. If you have
misspelled it (e.g., `\hobx'), type `I' and the correct
spelling (e.g., `I\hbox'). Otherwise just continue,
and I'll forget about whatever was undefined.

/home/takumi/Documents/workspace/tex/reports/å›ºä½“é›»å­æ§‹é€ ç‰¹è«–/report.te
x:11: Undefined control sequence.
l.11 \section
             {å•1 å¹³å‡ã®ã‚¯ãƒ¼ãƒ­ãƒ³ç›¸äº’ä½œç”¨ã®å°å‡º}
The control sequence at the end of the top line
of your error message was never \def'ed. If you have
misspelled it (e.g., `\hobx'), type `I' and the correct
spelling (e.g., `I\hbox'). Otherwise just continue,
and I'll forget about whatever was undefined.


/home/takumi/Documents/workspace/tex/reports/å›ºä½“é›»å­æ§‹é€ ç‰¹è«–/report.te
x:11: Package inputenc Error: Unicode character å• (U+554F)
(inputenc)                not set up for use with LaTeX.

See the inputenc package documentation for explanation.
Type  H <return>  for immediate help.
 ...                                              
                                                  
l.11 \section{å•
                 1 å¹³å‡ã®ã‚¯ãƒ¼ãƒ­ãƒ³ç›¸äº’ä½œç”¨ã®å°å‡º}
You may provide a definition with
\DeclareUnicodeCharacter 

Missing character: There is no 1 in font nullfont!

/home/takumi/Documents/workspace/tex/reports/å›ºä½“é›»å­æ§‹é€ ç‰¹è«–/report.te
x:11: Package inputenc Error: Unicode character å¹³ (U+5E73)
(inputenc)                not set up for use with LaTeX.

See the inputenc package documentation for explanation.
Type  H <return>  for immediate help.
 ...                                              
                                                  
l.11 \section{å•1 å¹³
                      å‡ã®ã‚¯ãƒ¼ãƒ­ãƒ³ç›¸äº’ä½œç”¨ã®å°å‡º}
You may provide a definition with
\DeclareUnicodeCharacter 


/home/takumi/Documents/workspace/tex/reports/å›ºä½“é›»å­æ§‹é€ ç‰¹è«–/report.te
x:11: Package inputenc Error: Unicode character å‡ (U+5747)
(inputenc)                not set up for use with LaTeX.

See the inputenc package documentation for explanation.
Type  H <return>  for immediate help.
 ...                                              
                                                  
l.11 \section{å•1 å¹³å‡
                         ã®ã‚¯ãƒ¼ãƒ­ãƒ³ç›¸äº’ä½œç”¨ã®å°å‡º}
You may provide a definition with
\DeclareUnicodeCharacter 


/home/takumi/Documents/workspace/tex/reports/å›ºä½“é›»å­æ§‹é€ ç‰¹è«–/report.te
x:11: Package inputenc Error: Unicode character ã® (U+306E)
(inputenc)                not set up for use with LaTeX.

See the inputenc package documentation for explanation.
Type  H <return>  for immediate help.
 ...                                              
                                                  
l.11 \section{å•1 å¹³å‡ã®
                            ã‚¯ãƒ¼ãƒ­ãƒ³ç›¸äº’ä½œç”¨ã®å°å‡º}
You may provide a definition with
\DeclareUnicodeCharacter 


/home/takumi/Documents/workspace/tex/reports/å›ºä½“é›»å­æ§‹é€ ç‰¹è«–/report.te
x:11: Package inputenc Error: Unicode character ã‚¯ (U+30AF)
(inputenc)                not set up for use with LaTeX.

See the inputenc package documentation for explanation.
Type  H <return>  for immediate help.
 ...                                              
                                                  
l.11 \section{å•1 å¹³å‡ã®ã‚¯
                               ãƒ¼ãƒ­ãƒ³ç›¸äº’ä½œç”¨ã®å°å‡º}
You may provide a definition with
\DeclareUnicodeCharacter 


/home/takumi/Documents/workspace/tex/reports/å›ºä½“é›»å­æ§‹é€ ç‰¹è«–/report.te
x:11: Package inputenc Error: Unicode character ãƒ¼ (U+30FC)
(inputenc)                not set up for use with LaTeX.

See the inputenc package documentation for explanation.
Type  H <return>  for immediate help.
 ...                                              
                                                  
l.11 \section{å•1 å¹³å‡ã®ã‚¯ãƒ¼
                                  ãƒ­ãƒ³ç›¸äº’ä½œç”¨ã®å°å‡º}
You may provide a definition with
\DeclareUnicodeCharacter 


/home/takumi/Documents/workspace/tex/reports/å›ºä½“é›»å­æ§‹é€ ç‰¹è«–/report.te
x:11: Package inputenc Error: Unicode character ãƒ­ (U+30ED)
(inputenc)                not set up for use with LaTeX.

See the inputenc package documentation for explanation.
Type  H <return>  for immediate help.
 ...                                              
                                                  
l.11 \section{å•1 å¹³å‡ã®ã‚¯ãƒ¼ãƒ­
                                     ãƒ³ç›¸äº’ä½œç”¨ã®å°å‡º}
You may provide a definition with
\DeclareUnicodeCharacter 


/home/takumi/Documents/workspace/tex/reports/å›ºä½“é›»å­æ§‹é€ ç‰¹è«–/report.te
x:11: Package inputenc Error: Unicode character ãƒ³ (U+30F3)
(inputenc)                not set up for use with LaTeX.

See the inputenc package documentation for explanation.
Type  H <return>  for immediate help.
 ...                                              
                                                  
l.11 \section{å•1 å¹³å‡ã®ã‚¯ãƒ¼ãƒ­ãƒ³
                                        ç›¸äº’ä½œç”¨ã®å°å‡º}
You may provide a definition with
\DeclareUnicodeCharacter 


/home/takumi/Documents/workspace/tex/reports/å›ºä½“é›»å­æ§‹é€ ç‰¹è«–/report.te
x:11: Package inputenc Error: Unicode character ç›¸ (U+76F8)
(inputenc)                not set up for use with LaTeX.

See the inputenc package documentation for explanation.
Type  H <return>  for immediate help.
 ...                                              
                                                  
l.11 \section{å•1 å¹³å‡ã®ã‚¯ãƒ¼ãƒ­ãƒ³ç›¸
                                           äº’ä½œç”¨ã®å°å‡º}
You may provide a definition with
\DeclareUnicodeCharacter 


/home/takumi/Documents/workspace/tex/reports/å›ºä½“é›»å­æ§‹é€ ç‰¹è«–/report.te
x:11: Package inputenc Error: Unicode character äº’ (U+4E92)
(inputenc)                not set up for use with LaTeX.

See the inputenc package documentation for explanation.
Type  H <return>  for immediate help.
 ...                                              
                                                  
l.11 \section{å•1 å¹³å‡ã®ã‚¯ãƒ¼ãƒ­ãƒ³ç›¸äº’
                                              ä½œç”¨ã®å°å‡º}
You may provide a definition with
\DeclareUnicodeCharacter 


/home/takumi/Documents/workspace/tex/reports/å›ºä½“é›»å­æ§‹é€ ç‰¹è«–/report.te
x:11: Package inputenc Error: Unicode character ä½œ (U+4F5C)
(inputenc)                not set up for use with LaTeX.

See the inputenc package documentation for explanation.
Type  H <return>  for immediate help.
 ...                                              
                                                  
l.11 \section{å•1 å¹³å‡ã®ã‚¯ãƒ¼ãƒ­ãƒ³ç›¸äº’ä½œ
                                                 ç”¨ã®å°å‡º}
You may provide a definition with
\DeclareUnicodeCharacter 


/home/takumi/Documents/workspace/tex/reports/å›ºä½“é›»å­æ§‹é€ ç‰¹è«–/report.te
x:11: Package inputenc Error: Unicode character ç”¨ (U+7528)
(inputenc)                not set up for use with LaTeX.

See the inputenc package documentation for explanation.
Type  H <return>  for immediate help.
 ...                                              
                                                  
l.11 ...ion{å•1 å¹³å‡ã®ã‚¯ãƒ¼ãƒ­ãƒ³ç›¸äº’ä½œç”¨
                                                  ã®å°å‡º}
You may provide a definition with
\DeclareUnicodeCharacter 


/home/takumi/Documents/workspace/tex/reports/å›ºä½“é›»å­æ§‹é€ ç‰¹è«–/report.te
x:11: Package inputenc Error: Unicode character ã® (U+306E)
(inputenc)                not set up for use with LaTeX.

See the inputenc package documentation for explanation.
Type  H <return>  for immediate help.
 ...                                              
                                                  
l.11 ...{å•1 å¹³å‡ã®ã‚¯ãƒ¼ãƒ­ãƒ³ç›¸äº’ä½œç”¨ã®
                                                  å°å‡º}
You may provide a definition with
\DeclareUnicodeCharacter 


/home/takumi/Documents/workspace/tex/reports/å›ºä½“é›»å­æ§‹é€ ç‰¹è«–/report.te
x:11: Package inputenc Error: Unicode character å° (U+5C0E)
(inputenc)                not set up for use with LaTeX.

See the inputenc package documentation for explanation.
Type  H <return>  for immediate help.
 ...                                              
                                                  
l.11 ...1 å¹³å‡ã®ã‚¯ãƒ¼ãƒ­ãƒ³ç›¸äº’ä½œç”¨ã®å°
                                                  å‡º}
You may provide a definition with
\DeclareUnicodeCharacter 


/home/takumi/Documents/workspace/tex/reports/å›ºä½“é›»å­æ§‹é€ ç‰¹è«–/report.te
x:11: Package inputenc Error: Unicode character å‡º (U+51FA)
(inputenc)                not set up for use with LaTeX.

See the inputenc package documentation for explanation.
Type  H <return>  for immediate help.
 ...                                              
                                                  
l.11 ...å¹³å‡ã®ã‚¯ãƒ¼ãƒ­ãƒ³ç›¸äº’ä½œç”¨ã®å°å‡º
                                                  }
You may provide a definition with
\DeclareUnicodeCharacter 

LaTeX Font Info:    External font `cmex10' loaded for size
(Font)              <7> on input line 13.
LaTeX Font Info:    External font `cmex10' loaded for size
(Font)              <5> on input line 13.

/home/takumi/Documents/workspace/tex/reports/å›ºä½“é›»å­æ§‹é€ ç‰¹è«–/report.te
x:17: Package inputenc Error: Unicode character é›» (U+96FB)
(inputenc)                not set up for use with LaTeX.

See the inputenc package documentation for explanation.
Type  H <return>  for immediate help.
 ...                                              
                                                  
l.17 é›»
        å­æ•°ãŒ4ã¤ãªã®ã§ã€10å€‹ã®è»Œé“ã‹ã‚‰4ã¤é¸ã¶ã®ã¯${}_{10...

You may provide a definition with
\DeclareUnicodeCharacter 


/home/takumi/Documents/workspace/tex/reports/å›ºä½“é›»å­æ§‹é€ ç‰¹è«–/report.te
x:17: Package inputenc Error: Unicode character å­ (U+5B50)
(inputenc)                not set up for use with LaTeX.

See the inputenc package documentation for explanation.
Type  H <return>  for immediate help.
 ...                                              
                                                  
l.17 é›»å­
           æ•°ãŒ4ã¤ãªã®ã§ã€10å€‹ã®è»Œé“ã‹ã‚‰4ã¤é¸ã¶ã®ã¯${}_{10...

You may provide a definition with
\DeclareUnicodeCharacter 


/home/takumi/Documents/workspace/tex/reports/å›ºä½“é›»å­æ§‹é€ ç‰¹è«–/report.te
x:17: Package inputenc Error: Unicode character æ•° (U+6570)
(inputenc)                not set up for use with LaTeX.

See the inputenc package documentation for explanation.
Type  H <return>  for immediate help.
 ...                                              
                                                  
l.17 é›»å­æ•°
              ãŒ4ã¤ãªã®ã§ã€10å€‹ã®è»Œé“ã‹ã‚‰4ã¤é¸ã¶ã®ã¯${}_{10...

You may provide a definition with
\DeclareUnicodeCharacter 


/home/takumi/Documents/workspace/tex/reports/å›ºä½“é›»å­æ§‹é€ ç‰¹è«–/report.te
x:17: Package inputenc Error: Unicode character ãŒ (U+304C)
(inputenc)                not set up for use with LaTeX.

See the inputenc package documentation for explanation.
Type  H <return>  for immediate help.
 ...                                              
                                                  
l.17 é›»å­æ•°ãŒ
                 4ã¤ãªã®ã§ã€10å€‹ã®è»Œé“ã‹ã‚‰4ã¤é¸ã¶ã®ã¯${}_{10...

You may provide a definition with
\DeclareUnicodeCharacter 

Missing character: There is no 4 in font nullfont!

/home/takumi/Documents/workspace/tex/reports/å›ºä½“é›»å­æ§‹é€ ç‰¹è«–/report.te
x:17: Package inputenc Error: Unicode character ã¤ (U+3064)
(inputenc)                not set up for use with LaTeX.

See the inputenc package documentation for explanation.
Type  H <return>  for immediate help.
 ...                                              
                                                  
l.17 é›»å­æ•°ãŒ4ã¤
                     ãªã®ã§ã€10å€‹ã®è»Œé“ã‹ã‚‰4ã¤é¸ã¶ã®ã¯${}_{10...

You may provide a definition with
\DeclareUnicodeCharacter 


/home/takumi/Documents/workspace/tex/reports/å›ºä½“é›»å­æ§‹é€ ç‰¹è«–/report.te
x:17: Package inputenc Error: Unicode character ãª (U+306A)
(inputenc)                not set up for use with LaTeX.

See the inputenc package documentation for explanation.
Type  H <return>  for immediate help.
 ...                                              
                                                  
l.17 é›»å­æ•°ãŒ4ã¤ãª
                        ã®ã§ã€10å€‹ã®è»Œé“ã‹ã‚‰4ã¤é¸ã¶ã®ã¯${}_{10...

You may provide a definition with
\DeclareUnicodeCharacter 


/home/takumi/Documents/workspace/tex/reports/å›ºä½“é›»å­æ§‹é€ ç‰¹è«–/report.te
x:17: Package inputenc Error: Unicode character ã® (U+306E)
(inputenc)                not set up for use with LaTeX.

See the inputenc package documentation for explanation.
Type  H <return>  for immediate help.
 ...                                              
                                                  
l.17 é›»å­æ•°ãŒ4ã¤ãªã®
                           ã§ã€10å€‹ã®è»Œé“ã‹ã‚‰4ã¤é¸ã¶ã®ã¯${}_{10...

You may provide a definition with
\DeclareUnicodeCharacter 


/home/takumi/Documents/workspace/tex/reports/å›ºä½“é›»å­æ§‹é€ ç‰¹è«–/report.te
x:17: Package inputenc Error: Unicode character ã§ (U+3067)
(inputenc)                not set up for use with LaTeX.

See the inputenc package documentation for explanation.
Type  H <return>  for immediate help.
 ...                                              
                                                  
l.17 é›»å­æ•°ãŒ4ã¤ãªã®ã§
                              ã€10å€‹ã®è»Œé“ã‹ã‚‰4ã¤é¸ã¶ã®ã¯${}_{10...

You may provide a definition with
\DeclareUnicodeCharacter 


/home/takumi/Documents/workspace/tex/reports/å›ºä½“é›»å­æ§‹é€ ç‰¹è«–/report.te
x:17: Package inputenc Error: Unicode character ã€ (U+3001)
(inputenc)                not set up for use with LaTeX.

See the inputenc package documentation for explanation.
Type  H <return>  for immediate help.
 ...                                              
                                                  
l.17 é›»å­æ•°ãŒ4ã¤ãªã®ã§ã€
                                 10å€‹ã®è»Œé“ã‹ã‚‰4ã¤é¸ã¶ã®ã¯${}_{10...

You may provide a definition with
\DeclareUnicodeCharacter 

Missing character: There is no 1 in font nullfont!
Missing character: There is no 0 in font nullfont!

/home/takumi/Documents/workspace/tex/reports/å›ºä½“é›»å­æ§‹é€ ç‰¹è«–/report.te
x:17: Package inputenc Error: Unicode character å€‹ (U+500B)
(inputenc)                not set up for use with LaTeX.

See the inputenc package documentation for explanation.
Type  H <return>  for immediate help.
 ...                                              
                                                  
l.17 é›»å­æ•°ãŒ4ã¤ãªã®ã§ã€10å€‹
                                      ã®è»Œé“ã‹ã‚‰4ã¤é¸ã¶ã®ã¯${}_{10...

You may provide a definition with
\DeclareUnicodeCharacter 


/home/takumi/Documents/workspace/tex/reports/å›ºä½“é›»å­æ§‹é€ ç‰¹è«–/report.te
x:17: Package inputenc Error: Unicode character ã® (U+306E)
(inputenc)                not set up for use with LaTeX.

See the inputenc package documentation for explanation.
Type  H <return>  for immediate help.
 ...                                              
                                                  
l.17 é›»å­æ•°ãŒ4ã¤ãªã®ã§ã€10å€‹ã®
                                         è»Œé“ã‹ã‚‰4ã¤é¸ã¶ã®ã¯${}_{10...

You may provide a definition with
\DeclareUnicodeCharacter 


/home/takumi/Documents/workspace/tex/reports/å›ºä½“é›»å­æ§‹é€ ç‰¹è«–/report.te
x:17: Package inputenc Error: Unicode character è»Œ (U+8ECC)
(inputenc)                not set up for use with LaTeX.

See the inputenc package documentation for explanation.
Type  H <return>  for immediate help.
 ...                                              
                                                  
l.17 é›»å­æ•°ãŒ4ã¤ãªã®ã§ã€10å€‹ã®è»Œ
                                            é“ã‹ã‚‰4ã¤é¸ã¶ã®ã¯${}_{10...

You may provide a definition with
\DeclareUnicodeCharacter 


/home/takumi/Documents/workspace/tex/reports/å›ºä½“é›»å­æ§‹é€ ç‰¹è«–/report.te
x:17: Package inputenc Error: Unicode character é“ (U+9053)
(inputenc)                not set up for use with LaTeX.

See the inputenc package documentation for explanation.
Type  H <return>  for immediate help.
 ...                                              
                                                  
l.17 é›»å­æ•°ãŒ4ã¤ãªã®ã§ã€10å€‹ã®è»Œé“
                                               ã‹ã‚‰4ã¤é¸ã¶ã®ã¯${}_{10...

You may provide a definition with
\DeclareUnicodeCharacter 


/home/takumi/Documents/workspace/tex/reports/å›ºä½“é›»å­æ§‹é€ ç‰¹è«–/report.te
x:17: Package inputenc Error: Unicode character ã‹ (U+304B)
(inputenc)                not set up for use with LaTeX.

See the inputenc package documentation for explanation.
Type  H <return>  for immediate help.
 ...                                              
                                                  
l.17 é›»å­æ•°ãŒ4ã¤ãªã®ã§ã€10å€‹ã®è»Œé“ã‹
                                                  ã‚‰4ã¤é¸ã¶ã®ã¯${}_{10...

You may provide a definition with
\DeclareUnicodeCharacter 


/home/takumi/Documents/workspace/tex/reports/å›ºä½“é›»å­æ§‹é€ ç‰¹è«–/report.te
x:17: Package inputenc Error: Unicode character ã‚‰ (U+3089)
(inputenc)                not set up for use with LaTeX.

See the inputenc package documentation for explanation.
Type  H <return>  for immediate help.
 ...                                              
                                                  
l.17 ...æ•°ãŒ4ã¤ãªã®ã§ã€10å€‹ã®è»Œé“ã‹ã‚‰
                                                  4ã¤é¸ã¶ã®ã¯${}_{10} \...

You may provide a definition with
\DeclareUnicodeCharacter 

Missing character: There is no 4 in font nullfont!

/home/takumi/Documents/workspace/tex/reports/å›ºä½“é›»å­æ§‹é€ ç‰¹è«–/report.te
x:17: Package inputenc Error: Unicode character ã¤ (U+3064)
(inputenc)                not set up for use with LaTeX.

See the inputenc package documentation for explanation.
Type  H <return>  for immediate help.
 ...                                              
                                                  
l.17 ...Œ4ã¤ãªã®ã§ã€10å€‹ã®è»Œé“ã‹ã‚‰4ã¤
                                                  é¸ã¶ã®ã¯${}_{10} \math...

You may provide a definition with
\DeclareUnicodeCharacter 


/home/takumi/Documents/workspace/tex/reports/å›ºä½“é›»å­æ§‹é€ ç‰¹è«–/report.te
x:17: Package inputenc Error: Unicode character é¸ (U+9078)
(inputenc)                not set up for use with LaTeX.

See the inputenc package documentation for explanation.
Type  H <return>  for immediate help.
 ...                                              
                                                  
l.17 ...ã¤ãªã®ã§ã€10å€‹ã®è»Œé“ã‹ã‚‰4ã¤é¸
                                                  ã¶ã®ã¯${}_{10} \mathrm{...

You may provide a definition with
\DeclareUnicodeCharacter 


/home/takumi/Documents/workspace/tex/reports/å›ºä½“é›»å­æ§‹é€ ç‰¹è«–/report.te
x:17: Package inputenc Error: Unicode character ã¶ (U+3076)
(inputenc)                not set up for use with LaTeX.

See the inputenc package documentation for explanation.
Type  H <return>  for immediate help.
 ...                                              
                                                  
l.17 ...ãªã®ã§ã€10å€‹ã®è»Œé“ã‹ã‚‰4ã¤é¸ã¶
                                                  ã®ã¯${}_{10} \mathrm{C} ...

You may provide a definition with
\DeclareUnicodeCharacter 


/home/takumi/Documents/workspace/tex/reports/å›ºä½“é›»å­æ§‹é€ ç‰¹è«–/report.te
x:17: Package inputenc Error: Unicode character ã® (U+306E)
(inputenc)                not set up for use with LaTeX.

See the inputenc package documentation for explanation.
Type  H <return>  for immediate help.
 ...                                              
                                                  
l.17 ...ã®ã§ã€10å€‹ã®è»Œé“ã‹ã‚‰4ã¤é¸ã¶ã®
                                                  ã¯${}_{10} \mathrm{C} _4 ...

You may provide a definition with
\DeclareUnicodeCharacter 


/home/takumi/Documents/workspace/tex/reports/å›ºä½“é›»å­æ§‹é€ ç‰¹è«–/report.te
x:17: Package inputenc Error: Unicode character ã¯ (U+306F)
(inputenc)                not set up for use with LaTeX.

See the inputenc package documentation for explanation.
Type  H <return>  for immediate help.
 ...                                              
                                                  
l.17 ...ã§ã€10å€‹ã®è»Œé“ã‹ã‚‰4ã¤é¸ã¶ã®ã¯
                                                  ${}_{10} \mathrm{C} _4 = 2...

You may provide a definition with
\DeclareUnicodeCharacter 


/home/takumi/Documents/workspace/tex/reports/å›ºä½“é›»å­æ§‹é€ ç‰¹è«–/report.te
x:17: Package inputenc Error: Unicode character é€š (U+901A)
(inputenc)                not set up for use with LaTeX.

See the inputenc package documentation for explanation.
Type  H <return>  for immediate help.
 ...                                              
                                                  
l.17 ...¸ã¶ã®ã¯${}_{10} \mathrm{C} _4 = 210$é€š
                                                  ã‚Šã‚ã‚‹ã€‚
You may provide a definition with
\DeclareUnicodeCharacter 


/home/takumi/Documents/workspace/tex/reports/å›ºä½“é›»å­æ§‹é€ ç‰¹è«–/report.te
x:17: Package inputenc Error: Unicode character ã‚Š (U+308A)
(inputenc)                not set up for use with LaTeX.

See the inputenc package documentation for explanation.
Type  H <return>  for immediate help.
 ...                                              
                                                  
l.17 ...¶ã®ã¯${}_{10} \mathrm{C} _4 = 210$é€šã‚Š
                                                  ã‚ã‚‹ã€‚
You may provide a definition with
\DeclareUnicodeCharacter 


/home/takumi/Documents/workspace/tex/reports/å›ºä½“é›»å­æ§‹é€ ç‰¹è«–/report.te
x:17: Package inputenc Error: Unicode character ã‚ (U+3042)
(inputenc)                not set up for use with LaTeX.

See the inputenc package documentation for explanation.
Type  H <return>  for immediate help.
 ...                                              
                                                  
l.17 ...®ã¯${}_{10} \mathrm{C} _4 = 210$é€šã‚Šã‚
                                                  ã‚‹ã€‚
You may provide a definition with
\DeclareUnicodeCharacter 


/home/takumi/Documents/workspace/tex/reports/å›ºä½“é›»å­æ§‹é€ ç‰¹è«–/report.te
x:17: Package inputenc Error: Unicode character ã‚‹ (U+308B)
(inputenc)                not set up for use with LaTeX.

See the inputenc package documentation for explanation.
Type  H <return>  for immediate help.
 ...                                              
                                                  
l.17 ...¯${}_{10} \mathrm{C} _4 = 210$é€šã‚Šã‚ã‚‹
                                                  ã€‚
You may provide a definition with
\DeclareUnicodeCharacter 


/home/takumi/Documents/workspace/tex/reports/å›ºä½“é›»å­æ§‹é€ ç‰¹è«–/report.te
x:17: Package inputenc Error: Unicode character ã€‚ (U+3002)
(inputenc)                not set up for use with LaTeX.

See the inputenc package documentation for explanation.
Type  H <return>  for immediate help.
 ...                                              
                                                  
l.17 ...}_{10} \mathrm{C} _4 = 210$é€šã‚Šã‚ã‚‹ã€‚
                                                  
You may provide a definition with
\DeclareUnicodeCharacter 


/home/takumi/Documents/workspace/tex/reports/å›ºä½“é›»å­æ§‹é€ ç‰¹è«–/report.te
x:18: Package inputenc Error: Unicode character é›» (U+96FB)
(inputenc)                not set up for use with LaTeX.

See the inputenc package documentation for explanation.
Type  H <return>  for immediate help.
 ...                                              
                                                  
l.18 é›»
        å­ã®çŠ¶æ…‹å„ã€…ã«ã¤ã„ã¦ã€ã‚¨ãƒãƒ«ã‚®ãƒ¼ã‚’è¶³ã—åˆã‚ã›ã€...

You may provide a definition with
\DeclareUnicodeCharacter 


/home/takumi/Documents/workspace/tex/reports/å›ºä½“é›»å­æ§‹é€ ç‰¹è«–/report.te
x:18: Package inputenc Error: Unicode character å­ (U+5B50)
(inputenc)                not set up for use with LaTeX.

See the inputenc package documentation for explanation.
Type  H <return>  for immediate help.
 ...                                              
                                                  
l.18 é›»å­
           ã®çŠ¶æ…‹å„ã€…ã«ã¤ã„ã¦ã€ã‚¨ãƒãƒ«ã‚®ãƒ¼ã‚’è¶³ã—åˆã‚ã›ã€...

You may provide a definition with
\DeclareUnicodeCharacter 


/home/takumi/Documents/workspace/tex/reports/å›ºä½“é›»å­æ§‹é€ ç‰¹è«–/report.te
x:18: Package inputenc Error: Unicode character ã® (U+306E)
(inputenc)                not set up for use with LaTeX.

See the inputenc package documentation for explanation.
Type  H <return>  for immediate help.
 ...                                              
                                                  
l.18 é›»å­ã®
              çŠ¶æ…‹å„ã€…ã«ã¤ã„ã¦ã€ã‚¨ãƒãƒ«ã‚®ãƒ¼ã‚’è¶³ã—åˆã‚ã›ã€...

You may provide a definition with
\DeclareUnicodeCharacter 


/home/takumi/Documents/workspace/tex/reports/å›ºä½“é›»å­æ§‹é€ ç‰¹è«–/report.te
x:18: Package inputenc Error: Unicode character çŠ¶ (U+72B6)
(inputenc)                not set up for use with LaTeX.

See the inputenc package documentation for explanation.
Type  H <return>  for immediate help.
 ...                                              
                                                  
l.18 é›»å­ã®çŠ¶
                 æ…‹å„ã€…ã«ã¤ã„ã¦ã€ã‚¨ãƒãƒ«ã‚®ãƒ¼ã‚’è¶³ã—åˆã‚ã›ã€...

You may provide a definition with
\DeclareUnicodeCharacter 


/home/takumi/Documents/workspace/tex/reports/å›ºä½“é›»å­æ§‹é€ ç‰¹è«–/report.te
x:18: Package inputenc Error: Unicode character æ…‹ (U+614B)
(inputenc)                not set up for use with LaTeX.

See the inputenc package documentation for explanation.
Type  H <return>  for immediate help.
 ...                                              
                                                  
l.18 é›»å­ã®çŠ¶æ…‹
                    å„ã€…ã«ã¤ã„ã¦ã€ã‚¨ãƒãƒ«ã‚®ãƒ¼ã‚’è¶³ã—åˆã‚ã›ã€...

You may provide a definition with
\DeclareUnicodeCharacter 


/home/takumi/Documents/workspace/tex/reports/å›ºä½“é›»å­æ§‹é€ ç‰¹è«–/report.te
x:18: Package inputenc Error: Unicode character å„ (U+5404)
(inputenc)                not set up for use with LaTeX.

See the inputenc package documentation for explanation.
Type  H <return>  for immediate help.
 ...                                              
                                                  
l.18 é›»å­ã®çŠ¶æ…‹å„
                       ã€…ã«ã¤ã„ã¦ã€ã‚¨ãƒãƒ«ã‚®ãƒ¼ã‚’è¶³ã—åˆã‚ã›ã€...

You may provide a definition with
\DeclareUnicodeCharacter 


/home/takumi/Documents/workspace/tex/reports/å›ºä½“é›»å­æ§‹é€ ç‰¹è«–/report.te
x:18: Package inputenc Error: Unicode character ã€… (U+3005)
(inputenc)                not set up for use with LaTeX.

See the inputenc package documentation for explanation.
Type  H <return>  for immediate help.
 ...                                              
                                                  
l.18 é›»å­ã®çŠ¶æ…‹å„ã€…
                          ã«ã¤ã„ã¦ã€ã‚¨ãƒãƒ«ã‚®ãƒ¼ã‚’è¶³ã—åˆã‚ã›ã€...

You may provide a definition with
\DeclareUnicodeCharacter 


/home/takumi/Documents/workspace/tex/reports/å›ºä½“é›»å­æ§‹é€ ç‰¹è«–/report.te
x:18: Package inputenc Error: Unicode character ã« (U+306B)
(inputenc)                not set up for use with LaTeX.

See the inputenc package documentation for explanation.
Type  H <return>  for immediate help.
 ...                                              
                                                  
l.18 é›»å­ã®çŠ¶æ…‹å„ã€…ã«
                             ã¤ã„ã¦ã€ã‚¨ãƒãƒ«ã‚®ãƒ¼ã‚’è¶³ã—åˆã‚ã›ã€...

You may provide a definition with
\DeclareUnicodeCharacter 


/home/takumi/Documents/workspace/tex/reports/å›ºä½“é›»å­æ§‹é€ ç‰¹è«–/report.te
x:18: Package inputenc Error: Unicode character ã¤ (U+3064)
(inputenc)                not set up for use with LaTeX.

See the inputenc package documentation for explanation.
Type  H <return>  for immediate help.
 ...                                              
                                                  
l.18 é›»å­ã®çŠ¶æ…‹å„ã€…ã«ã¤
                                ã„ã¦ã€ã‚¨ãƒãƒ«ã‚®ãƒ¼ã‚’è¶³ã—åˆã‚ã›ã€...

You may provide a definition with
\DeclareUnicodeCharacter 


/home/takumi/Documents/workspace/tex/reports/å›ºä½“é›»å­æ§‹é€ ç‰¹è«–/report.te
x:18: Package inputenc Error: Unicode character ã„ (U+3044)
(inputenc)                not set up for use with LaTeX.

See the inputenc package documentation for explanation.
Type  H <return>  for immediate help.
 ...                                              
                                                  
l.18 é›»å­ã®çŠ¶æ…‹å„ã€…ã«ã¤ã„
                                   ã¦ã€ã‚¨ãƒãƒ«ã‚®ãƒ¼ã‚’è¶³ã—åˆã‚ã›ã€...

You may provide a definition with
\DeclareUnicodeCharacter 


/home/takumi/Documents/workspace/tex/reports/å›ºä½“é›»å­æ§‹é€ ç‰¹è«–/report.te
x:18: Package inputenc Error: Unicode character ã¦ (U+3066)
(inputenc)                not set up for use with LaTeX.

See the inputenc package documentation for explanation.
Type  H <return>  for immediate help.
 ...                                              
                                                  
l.18 é›»å­ã®çŠ¶æ…‹å„ã€…ã«ã¤ã„ã¦
                                      ã€ã‚¨ãƒãƒ«ã‚®ãƒ¼ã‚’è¶³ã—åˆã‚ã›ã€...

You may provide a definition with
\DeclareUnicodeCharacter 


/home/takumi/Documents/workspace/tex/reports/å›ºä½“é›»å­æ§‹é€ ç‰¹è«–/report.te
x:18: Package inputenc Error: Unicode character ã€ (U+3001)
(inputenc)                not set up for use with LaTeX.

See the inputenc package documentation for explanation.
Type  H <return>  for immediate help.
 ...                                              
                                                  
l.18 é›»å­ã®çŠ¶æ…‹å„ã€…ã«ã¤ã„ã¦ã€
                                         ã‚¨ãƒãƒ«ã‚®ãƒ¼ã‚’è¶³ã—åˆã‚ã›ã€...

You may provide a definition with
\DeclareUnicodeCharacter 


/home/takumi/Documents/workspace/tex/reports/å›ºä½“é›»å­æ§‹é€ ç‰¹è«–/report.te
x:18: Package inputenc Error: Unicode character ã‚¨ (U+30A8)
(inputenc)                not set up for use with LaTeX.

See the inputenc package documentation for explanation.
Type  H <return>  for immediate help.
 ...                                              
                                                  
l.18 é›»å­ã®çŠ¶æ…‹å„ã€…ã«ã¤ã„ã¦ã€ã‚¨
                                            ãƒãƒ«ã‚®ãƒ¼ã‚’è¶³ã—åˆã‚ã›ã€...

You may provide a definition with
\DeclareUnicodeCharacter 


/home/takumi/Documents/workspace/tex/reports/å›ºä½“é›»å­æ§‹é€ ç‰¹è«–/report.te
x:18: Package inputenc Error: Unicode character ãƒ (U+30CD)
(inputenc)                not set up for use with LaTeX.

See the inputenc package documentation for explanation.
Type  H <return>  for immediate help.
 ...                                              
                                                  
l.18 é›»å­ã®çŠ¶æ…‹å„ã€…ã«ã¤ã„ã¦ã€ã‚¨ãƒ
                                               ãƒ«ã‚®ãƒ¼ã‚’è¶³ã—åˆã‚ã›ã€...

You may provide a definition with
\DeclareUnicodeCharacter 


/home/takumi/Documents/workspace/tex/reports/å›ºä½“é›»å­æ§‹é€ ç‰¹è«–/report.te
x:18: Package inputenc Error: Unicode character ãƒ« (U+30EB)
(inputenc)                not set up for use with LaTeX.

See the inputenc package documentation for explanation.
Type  H <return>  for immediate help.
 ...                                              
                                                  
l.18 é›»å­ã®çŠ¶æ…‹å„ã€…ã«ã¤ã„ã¦ã€ã‚¨ãƒãƒ«
                                                  ã‚®ãƒ¼ã‚’è¶³ã—åˆã‚ã›ã€...

You may provide a definition with
\DeclareUnicodeCharacter 


/home/takumi/Documents/workspace/tex/reports/å›ºä½“é›»å­æ§‹é€ ç‰¹è«–/report.te
x:18: Package inputenc Error: Unicode character ã‚® (U+30AE)
(inputenc)                not set up for use with LaTeX.

See the inputenc package documentation for explanation.
Type  H <return>  for immediate help.
 ...                                              
                                                  
l.18 ...ã®çŠ¶æ…‹å„ã€…ã«ã¤ã„ã¦ã€ã‚¨ãƒãƒ«ã‚®
                                                  ãƒ¼ã‚’è¶³ã—åˆã‚ã›ã€å¹...

You may provide a definition with
\DeclareUnicodeCharacter 


/home/takumi/Documents/workspace/tex/reports/å›ºä½“é›»å­æ§‹é€ ç‰¹è«–/report.te
x:18: Package inputenc Error: Unicode character ãƒ¼ (U+30FC)
(inputenc)                not set up for use with LaTeX.

See the inputenc package documentation for explanation.
Type  H <return>  for immediate help.
 ...                                              
                                                  
l.18 ...çŠ¶æ…‹å„ã€…ã«ã¤ã„ã¦ã€ã‚¨ãƒãƒ«ã‚®ãƒ¼
                                                  ã‚’è¶³ã—åˆã‚ã›ã€å¹³å...

You may provide a definition with
\DeclareUnicodeCharacter 


/home/takumi/Documents/workspace/tex/reports/å›ºä½“é›»å­æ§‹é€ ç‰¹è«–/report.te
x:18: Package inputenc Error: Unicode character ã‚’ (U+3092)
(inputenc)                not set up for use with LaTeX.

See the inputenc package documentation for explanation.
Type  H <return>  for immediate help.
 ...                                              
                                                  
l.18 ...æ…‹å„ã€…ã«ã¤ã„ã¦ã€ã‚¨ãƒãƒ«ã‚®ãƒ¼ã‚’
                                                  è¶³ã—åˆã‚ã›ã€å¹³å‡ã...

You may provide a definition with
\DeclareUnicodeCharacter 


/home/takumi/Documents/workspace/tex/reports/å›ºä½“é›»å­æ§‹é€ ç‰¹è«–/report.te
x:18: Package inputenc Error: Unicode character è¶³ (U+8DB3)
(inputenc)                not set up for use with LaTeX.

See the inputenc package documentation for explanation.
Type  H <return>  for immediate help.
 ...                                              
                                                  
l.18 ...å„ã€…ã«ã¤ã„ã¦ã€ã‚¨ãƒãƒ«ã‚®ãƒ¼ã‚’è¶³
                                                  ã—åˆã‚ã›ã€å¹³å‡ã®ã‚...

You may provide a definition with
\DeclareUnicodeCharacter 


/home/takumi/Documents/workspace/tex/reports/å›ºä½“é›»å­æ§‹é€ ç‰¹è«–/report.te
x:18: Package inputenc Error: Unicode character ã— (U+3057)
(inputenc)                not set up for use with LaTeX.

See the inputenc package documentation for explanation.
Type  H <return>  for immediate help.
 ...                                              
                                                  
l.18 ...ã€…ã«ã¤ã„ã¦ã€ã‚¨ãƒãƒ«ã‚®ãƒ¼ã‚’è¶³ã—
                                                  åˆã‚ã›ã€å¹³å‡ã®ã‚¯ãƒ...

You may provide a definition with
\DeclareUnicodeCharacter 


/home/takumi/Documents/workspace/tex/reports/å›ºä½“é›»å­æ§‹é€ ç‰¹è«–/report.te
x:18: Package inputenc Error: Unicode character åˆ (U+5408)
(inputenc)                not set up for use with LaTeX.

See the inputenc package documentation for explanation.
Type  H <return>  for immediate help.
 ...                                              
                                                  
l.18 ...ã«ã¤ã„ã¦ã€ã‚¨ãƒãƒ«ã‚®ãƒ¼ã‚’è¶³ã—åˆ
                                                  ã‚ã›ã€å¹³å‡ã®ã‚¯ãƒ¼ãƒ...

You may provide a definition with
\DeclareUnicodeCharacter 


/home/takumi/Documents/workspace/tex/reports/å›ºä½“é›»å­æ§‹é€ ç‰¹è«–/report.te
x:18: Package inputenc Error: Unicode character ã‚ (U+308F)
(inputenc)                not set up for use with LaTeX.

See the inputenc package documentation for explanation.
Type  H <return>  for immediate help.
 ...                                              
                                                  
l.18 ...ã¤ã„ã¦ã€ã‚¨ãƒãƒ«ã‚®ãƒ¼ã‚’è¶³ã—åˆã‚
                                                  ã›ã€å¹³å‡ã®ã‚¯ãƒ¼ãƒ­ãƒ...

You may provide a definition with
\DeclareUnicodeCharacter 


/home/takumi/Documents/workspace/tex/reports/å›ºä½“é›»å­æ§‹é€ ç‰¹è«–/report.te
x:18: Package inputenc Error: Unicode character ã› (U+305B)
(inputenc)                not set up for use with LaTeX.

See the inputenc package documentation for explanation.
Type  H <return>  for immediate help.
 ...                                              
                                                  
l.18 ...ã„ã¦ã€ã‚¨ãƒãƒ«ã‚®ãƒ¼ã‚’è¶³ã—åˆã‚ã›
                                                  ã€å¹³å‡ã®ã‚¯ãƒ¼ãƒ­ãƒ³ç›...

You may provide a definition with
\DeclareUnicodeCharacter 


/home/takumi/Documents/workspace/tex/reports/å›ºä½“é›»å­æ§‹é€ ç‰¹è«–/report.te
x:18: Package inputenc Error: Unicode character ã€ (U+3001)
(inputenc)                not set up for use with LaTeX.

See the inputenc package documentation for explanation.
Type  H <return>  for immediate help.
 ...                                              
                                                  
l.18 ...ã¦ã€ã‚¨ãƒãƒ«ã‚®ãƒ¼ã‚’è¶³ã—åˆã‚ã›ã€
                                                  å¹³å‡ã®ã‚¯ãƒ¼ãƒ­ãƒ³ç›¸äº...

You may provide a definition with
\DeclareUnicodeCharacter 


/home/takumi/Documents/workspace/tex/reports/å›ºä½“é›»å­æ§‹é€ ç‰¹è«–/report.te
x:18: Package inputenc Error: Unicode character å¹³ (U+5E73)
(inputenc)                not set up for use with LaTeX.

See the inputenc package documentation for explanation.
Type  H <return>  for immediate help.
 ...                                              
                                                  
l.18 ...ã€ã‚¨ãƒãƒ«ã‚®ãƒ¼ã‚’è¶³ã—åˆã‚ã›ã€å¹³
                                                  å‡ã®ã‚¯ãƒ¼ãƒ­ãƒ³ç›¸äº’ä½...

You may provide a definition with
\DeclareUnicodeCharacter 


/home/takumi/Documents/workspace/tex/reports/å›ºä½“é›»å­æ§‹é€ ç‰¹è«–/report.te
x:18: Package inputenc Error: Unicode character å‡ (U+5747)
(inputenc)                not set up for use with LaTeX.

See the inputenc package documentation for explanation.
Type  H <return>  for immediate help.
 ...                                              
                                                  
l.18 ...ã‚¨ãƒãƒ«ã‚®ãƒ¼ã‚’è¶³ã—åˆã‚ã›ã€å¹³å‡
                                                  ã®ã‚¯ãƒ¼ãƒ­ãƒ³ç›¸äº’ä½œç”...

You may provide a definition with
\DeclareUnicodeCharacter 


/home/takumi/Documents/workspace/tex/reports/å›ºä½“é›»å­æ§‹é€ ç‰¹è«–/report.te
x:18: Package inputenc Error: Unicode character ã® (U+306E)
(inputenc)                not set up for use with LaTeX.

See the inputenc package documentation for explanation.
Type  H <return>  for immediate help.
 ...                                              
                                                  
l.18 ...ãƒãƒ«ã‚®ãƒ¼ã‚’è¶³ã—åˆã‚ã›ã€å¹³å‡ã®
                                                  ã‚¯ãƒ¼ãƒ­ãƒ³ç›¸äº’ä½œç”¨ã‚...

You may provide a definition with
\DeclareUnicodeCharacter 


/home/takumi/Documents/workspace/tex/reports/å›ºä½“é›»å­æ§‹é€ ç‰¹è«–/report.te
x:18: Package inputenc Error: Unicode character ã‚¯ (U+30AF)
(inputenc)                not set up for use with LaTeX.

See the inputenc package documentation for explanation.
Type  H <return>  for immediate help.
 ...                                              
                                                  
l.18 ...ãƒ«ã‚®ãƒ¼ã‚’è¶³ã—åˆã‚ã›ã€å¹³å‡ã®ã‚¯
                                                  ãƒ¼ãƒ­ãƒ³ç›¸äº’ä½œç”¨ã‚’æ±...

You may provide a definition with
\DeclareUnicodeCharacter 


/home/takumi/Documents/workspace/tex/reports/å›ºä½“é›»å­æ§‹é€ ç‰¹è«–/report.te
x:18: Package inputenc Error: Unicode character ãƒ¼ (U+30FC)
(inputenc)                not set up for use with LaTeX.

See the inputenc package documentation for explanation.
Type  H <return>  for immediate help.
 ...                                              
                                                  
l.18 ...ã‚®ãƒ¼ã‚’è¶³ã—åˆã‚ã›ã€å¹³å‡ã®ã‚¯ãƒ¼
                                                  ãƒ­ãƒ³ç›¸äº’ä½œç”¨ã‚’æ±‚ã‚...

You may provide a definition with
\DeclareUnicodeCharacter 


/home/takumi/Documents/workspace/tex/reports/å›ºä½“é›»å­æ§‹é€ ç‰¹è«–/report.te
x:18: Package inputenc Error: Unicode character ãƒ­ (U+30ED)
(inputenc)                not set up for use with LaTeX.

See the inputenc package documentation for explanation.
Type  H <return>  for immediate help.
 ...                                              
                                                  
l.18 ...ãƒ¼ã‚’è¶³ã—åˆã‚ã›ã€å¹³å‡ã®ã‚¯ãƒ¼ãƒ­
                                                  ãƒ³ç›¸äº’ä½œç”¨ã‚’æ±‚ã‚ã‚...

You may provide a definition with
\DeclareUnicodeCharacter 


/home/takumi/Documents/workspace/tex/reports/å›ºä½“é›»å­æ§‹é€ ç‰¹è«–/report.te
x:18: Package inputenc Error: Unicode character ãƒ³ (U+30F3)
(inputenc)                not set up for use with LaTeX.

See the inputenc package documentation for explanation.
Type  H <return>  for immediate help.
 ...                                              
                                                  
l.18 ...ã‚’è¶³ã—åˆã‚ã›ã€å¹³å‡ã®ã‚¯ãƒ¼ãƒ­ãƒ³
                                                  ç›¸äº’ä½œç”¨ã‚’æ±‚ã‚ã‚‹ã€‚
You may provide a definition with
\DeclareUnicodeCharacter 


/home/takumi/Documents/workspace/tex/reports/å›ºä½“é›»å­æ§‹é€ ç‰¹è«–/report.te
x:18: Package inputenc Error: Unicode character ç›¸ (U+76F8)
(inputenc)                not set up for use with LaTeX.

See the inputenc package documentation for explanation.
Type  H <return>  for immediate help.
 ...                                              
                                                  
l.18 ...è¶³ã—åˆã‚ã›ã€å¹³å‡ã®ã‚¯ãƒ¼ãƒ­ãƒ³ç›¸
                                                  äº’ä½œç”¨ã‚’æ±‚ã‚ã‚‹ã€‚
You may provide a definition with
\DeclareUnicodeCharacter 


/home/takumi/Documents/workspace/tex/reports/å›ºä½“é›»å­æ§‹é€ ç‰¹è«–/report.te
x:18: Package inputenc Error: Unicode character äº’ (U+4E92)
(inputenc)                not set up for use with LaTeX.

See the inputenc package documentation for explanation.
Type  H <return>  for immediate help.
 ...                                              
                                                  
l.18 ...ã—åˆã‚ã›ã€å¹³å‡ã®ã‚¯ãƒ¼ãƒ­ãƒ³ç›¸äº’
                                                  ä½œç”¨ã‚’æ±‚ã‚ã‚‹ã€‚
You may provide a definition with
\DeclareUnicodeCharacter 


/home/takumi/Documents/workspace/tex/reports/å›ºä½“é›»å­æ§‹é€ ç‰¹è«–/report.te
x:18: Package inputenc Error: Unicode character ä½œ (U+4F5C)
(inputenc)                not set up for use with LaTeX.

See the inputenc package documentation for explanation.
Type  H <return>  for immediate help.
 ...                                              
                                                  
l.18 ...åˆã‚ã›ã€å¹³å‡ã®ã‚¯ãƒ¼ãƒ­ãƒ³ç›¸äº’ä½œ
                                                  ç”¨ã‚’æ±‚ã‚ã‚‹ã€‚
You may provide a definition with
\DeclareUnicodeCharacter 


/home/takumi/Documents/workspace/tex/reports/å›ºä½“é›»å­æ§‹é€ ç‰¹è«–/report.te
x:18: Package inputenc Error: Unicode character ç”¨ (U+7528)
(inputenc)                not set up for use with LaTeX.

See the inputenc package documentation for explanation.
Type  H <return>  for immediate help.
 ...                                              
                                                  
l.18 ...ã‚ã›ã€å¹³å‡ã®ã‚¯ãƒ¼ãƒ­ãƒ³ç›¸äº’ä½œç”¨
                                                  ã‚’æ±‚ã‚ã‚‹ã€‚
You may provide a definition with
\DeclareUnicodeCharacter 


/home/takumi/Documents/workspace/tex/reports/å›ºä½“é›»å­æ§‹é€ ç‰¹è«–/report.te
x:18: Package inputenc Error: Unicode character ã‚’ (U+3092)
(inputenc)                not set up for use with LaTeX.

See the inputenc package documentation for explanation.
Type  H <return>  for immediate help.
 ...                                              
                                                  
l.18 ...ã›ã€å¹³å‡ã®ã‚¯ãƒ¼ãƒ­ãƒ³ç›¸äº’ä½œç”¨ã‚’
                                                  æ±‚ã‚ã‚‹ã€‚
You may provide a definition with
\DeclareUnicodeCharacter 


/home/takumi/Documents/workspace/tex/reports/å›ºä½“é›»å­æ§‹é€ ç‰¹è«–/report.te
x:18: Package inputenc Error: Unicode character æ±‚ (U+6C42)
(inputenc)                not set up for use with LaTeX.

See the inputenc package documentation for explanation.
Type  H <return>  for immediate help.
 ...                                              
                                                  
l.18 ...ã€å¹³å‡ã®ã‚¯ãƒ¼ãƒ­ãƒ³ç›¸äº’ä½œç”¨ã‚’æ±‚
                                                  ã‚ã‚‹ã€‚
You may provide a definition with
\DeclareUnicodeCharacter 


/home/takumi/Documents/workspace/tex/reports/å›ºä½“é›»å­æ§‹é€ ç‰¹è«–/report.te
x:18: Package inputenc Error: Unicode character ã‚ (U+3081)
(inputenc)                not set up for use with LaTeX.

See the inputenc package documentation for explanation.
Type  H <return>  for immediate help.
 ...                                              
                                                  
l.18 ...å¹³å‡ã®ã‚¯ãƒ¼ãƒ­ãƒ³ç›¸äº’ä½œç”¨ã‚’æ±‚ã‚
                                                  ã‚‹ã€‚
You may provide a definition with
\DeclareUnicodeCharacter 


/home/takumi/Documents/workspace/tex/reports/å›ºä½“é›»å­æ§‹é€ ç‰¹è«–/report.te
x:18: Package inputenc Error: Unicode character ã‚‹ (U+308B)
(inputenc)                not set up for use with LaTeX.

See the inputenc package documentation for explanation.
Type  H <return>  for immediate help.
 ...                                              
                                                  
l.18 ...å‡ã®ã‚¯ãƒ¼ãƒ­ãƒ³ç›¸äº’ä½œç”¨ã‚’æ±‚ã‚ã‚‹
                                                  ã€‚
You may provide a definition with
\DeclareUnicodeCharacter 


/home/takumi/Documents/workspace/tex/reports/å›ºä½“é›»å­æ§‹é€ ç‰¹è«–/report.te
x:18: Package inputenc Error: Unicode character ã€‚ (U+3002)
(inputenc)                not set up for use with LaTeX.

See the inputenc package documentation for explanation.
Type  H <return>  for immediate help.
 ...                                              
                                                  
l.18 ...ã®ã‚¯ãƒ¼ãƒ­ãƒ³ç›¸äº’ä½œç”¨ã‚’æ±‚ã‚ã‚‹ã€‚
                                                  
You may provide a definition with
\DeclareUnicodeCharacter 


/home/takumi/Documents/workspace/tex/reports/å›ºä½“é›»å­æ§‹é€ ç‰¹è«–/report.te
x:19: Package inputenc Error: Unicode character ã‚¢ (U+30A2)
(inputenc)                not set up for use with LaTeX.

See the inputenc package documentation for explanation.
Type  H <return>  for immediate help.
 ...                                              
                                                  
l.19 ã‚¢
        ãƒƒãƒ—ã‚¹ãƒ”ãƒ³ã«ç€ç›®ã™ã‚‹ã¨ã€4ã¤å…¨ã¦ãŒã‚¢ãƒƒãƒ—ã‚¹ãƒ”ãƒ³ã...

You may provide a definition with
\DeclareUnicodeCharacter 


/home/takumi/Documents/workspace/tex/reports/å›ºä½“é›»å­æ§‹é€ ç‰¹è«–/report.te
x:19: Package inputenc Error: Unicode character ãƒƒ (U+30C3)
(inputenc)                not set up for use with LaTeX.

See the inputenc package documentation for explanation.
Type  H <return>  for immediate help.
 ...                                              
                                                  
l.19 ã‚¢ãƒƒ
           ãƒ—ã‚¹ãƒ”ãƒ³ã«ç€ç›®ã™ã‚‹ã¨ã€4ã¤å…¨ã¦ãŒã‚¢ãƒƒãƒ—ã‚¹ãƒ”ãƒ³ã...

You may provide a definition with
\DeclareUnicodeCharacter 


/home/takumi/Documents/workspace/tex/reports/å›ºä½“é›»å­æ§‹é€ ç‰¹è«–/report.te
x:19: Package inputenc Error: Unicode character ãƒ— (U+30D7)
(inputenc)                not set up for use with LaTeX.

See the inputenc package documentation for explanation.
Type  H <return>  for immediate help.
 ...                                              
                                                  
l.19 ã‚¢ãƒƒãƒ—
              ã‚¹ãƒ”ãƒ³ã«ç€ç›®ã™ã‚‹ã¨ã€4ã¤å…¨ã¦ãŒã‚¢ãƒƒãƒ—ã‚¹ãƒ”ãƒ³ã...

You may provide a definition with
\DeclareUnicodeCharacter 


/home/takumi/Documents/workspace/tex/reports/å›ºä½“é›»å­æ§‹é€ ç‰¹è«–/report.te
x:19: Package inputenc Error: Unicode character ã‚¹ (U+30B9)
(inputenc)                not set up for use with LaTeX.

See the inputenc package documentation for explanation.
Type  H <return>  for immediate help.
 ...                                              
                                                  
l.19 ã‚¢ãƒƒãƒ—ã‚¹
                 ãƒ”ãƒ³ã«ç€ç›®ã™ã‚‹ã¨ã€4ã¤å…¨ã¦ãŒã‚¢ãƒƒãƒ—ã‚¹ãƒ”ãƒ³ã...

You may provide a definition with
\DeclareUnicodeCharacter 


/home/takumi/Documents/workspace/tex/reports/å›ºä½“é›»å­æ§‹é€ ç‰¹è«–/report.te
x:19: Package inputenc Error: Unicode character ãƒ” (U+30D4)
(inputenc)                not set up for use with LaTeX.

See the inputenc package documentation for explanation.
Type  H <return>  for immediate help.
 ...                                              
                                                  
l.19 ã‚¢ãƒƒãƒ—ã‚¹ãƒ”
                    ãƒ³ã«ç€ç›®ã™ã‚‹ã¨ã€4ã¤å…¨ã¦ãŒã‚¢ãƒƒãƒ—ã‚¹ãƒ”ãƒ³ã...

You may provide a definition with
\DeclareUnicodeCharacter 


/home/takumi/Documents/workspace/tex/reports/å›ºä½“é›»å­æ§‹é€ ç‰¹è«–/report.te
x:19: Package inputenc Error: Unicode character ãƒ³ (U+30F3)
(inputenc)                not set up for use with LaTeX.

See the inputenc package documentation for explanation.
Type  H <return>  for immediate help.
 ...                                              
                                                  
l.19 ã‚¢ãƒƒãƒ—ã‚¹ãƒ”ãƒ³
                       ã«ç€ç›®ã™ã‚‹ã¨ã€4ã¤å…¨ã¦ãŒã‚¢ãƒƒãƒ—ã‚¹ãƒ”ãƒ³ã...

You may provide a definition with
\DeclareUnicodeCharacter 


/home/takumi/Documents/workspace/tex/reports/å›ºä½“é›»å­æ§‹é€ ç‰¹è«–/report.te
x:19: Package inputenc Error: Unicode character ã« (U+306B)
(inputenc)                not set up for use with LaTeX.

See the inputenc package documentation for explanation.
Type  H <return>  for immediate help.
 ...                                              
                                                  
l.19 ã‚¢ãƒƒãƒ—ã‚¹ãƒ”ãƒ³ã«
                          ç€ç›®ã™ã‚‹ã¨ã€4ã¤å…¨ã¦ãŒã‚¢ãƒƒãƒ—ã‚¹ãƒ”ãƒ³ã...

You may provide a definition with
\DeclareUnicodeCharacter 


/home/takumi/Documents/workspace/tex/reports/å›ºä½“é›»å­æ§‹é€ ç‰¹è«–/report.te
x:19: Package inputenc Error: Unicode character ç€ (U+7740)
(inputenc)                not set up for use with LaTeX.

See the inputenc package documentation for explanation.
Type  H <return>  for immediate help.
 ...                                              
                                                  
l.19 ã‚¢ãƒƒãƒ—ã‚¹ãƒ”ãƒ³ã«ç€
                             ç›®ã™ã‚‹ã¨ã€4ã¤å…¨ã¦ãŒã‚¢ãƒƒãƒ—ã‚¹ãƒ”ãƒ³ã...

You may provide a definition with
\DeclareUnicodeCharacter 


/home/takumi/Documents/workspace/tex/reports/å›ºä½“é›»å­æ§‹é€ ç‰¹è«–/report.te
x:19: Package inputenc Error: Unicode character ç›® (U+76EE)
(inputenc)                not set up for use with LaTeX.

See the inputenc package documentation for explanation.
Type  H <return>  for immediate help.
 ...                                              
                                                  
l.19 ã‚¢ãƒƒãƒ—ã‚¹ãƒ”ãƒ³ã«ç€ç›®
                                ã™ã‚‹ã¨ã€4ã¤å…¨ã¦ãŒã‚¢ãƒƒãƒ—ã‚¹ãƒ”ãƒ³ã...

You may provide a definition with
\DeclareUnicodeCharacter 


/home/takumi/Documents/workspace/tex/reports/å›ºä½“é›»å­æ§‹é€ ç‰¹è«–/report.te
x:19: Package inputenc Error: Unicode character ã™ (U+3059)
(inputenc)                not set up for use with LaTeX.

See the inputenc package documentation for explanation.
Type  H <return>  for immediate help.
 ...                                              
                                                  
l.19 ã‚¢ãƒƒãƒ—ã‚¹ãƒ”ãƒ³ã«ç€ç›®ã™
                                   ã‚‹ã¨ã€4ã¤å…¨ã¦ãŒã‚¢ãƒƒãƒ—ã‚¹ãƒ”ãƒ³ã...

You may provide a definition with
\DeclareUnicodeCharacter 


/home/takumi/Documents/workspace/tex/reports/å›ºä½“é›»å­æ§‹é€ ç‰¹è«–/report.te
x:19: Package inputenc Error: Unicode character ã‚‹ (U+308B)
(inputenc)                not set up for use with LaTeX.

See the inputenc package documentation for explanation.
Type  H <return>  for immediate help.
 ...                                              
                                                  
l.19 ã‚¢ãƒƒãƒ—ã‚¹ãƒ”ãƒ³ã«ç€ç›®ã™ã‚‹
                                      ã¨ã€4ã¤å…¨ã¦ãŒã‚¢ãƒƒãƒ—ã‚¹ãƒ”ãƒ³ã...

You may provide a definition with
\DeclareUnicodeCharacter 


/home/takumi/Documents/workspace/tex/reports/å›ºä½“é›»å­æ§‹é€ ç‰¹è«–/report.te
x:19: Package inputenc Error: Unicode character ã¨ (U+3068)
(inputenc)                not set up for use with LaTeX.

See the inputenc package documentation for explanation.
Type  H <return>  for immediate help.
 ...                                              
                                                  
l.19 ã‚¢ãƒƒãƒ—ã‚¹ãƒ”ãƒ³ã«ç€ç›®ã™ã‚‹ã¨
                                         ã€4ã¤å…¨ã¦ãŒã‚¢ãƒƒãƒ—ã‚¹ãƒ”ãƒ³ã...

You may provide a definition with
\DeclareUnicodeCharacter 


/home/takumi/Documents/workspace/tex/reports/å›ºä½“é›»å­æ§‹é€ ç‰¹è«–/report.te
x:19: Package inputenc Error: Unicode character ã€ (U+3001)
(inputenc)                not set up for use with LaTeX.

See the inputenc package documentation for explanation.
Type  H <return>  for immediate help.
 ...                                              
                                                  
l.19 ã‚¢ãƒƒãƒ—ã‚¹ãƒ”ãƒ³ã«ç€ç›®ã™ã‚‹ã¨ã€
                                            4ã¤å…¨ã¦ãŒã‚¢ãƒƒãƒ—ã‚¹ãƒ”ãƒ³ã...

You may provide a definition with
\DeclareUnicodeCharacter 

Missing character: There is no 4 in font nullfont!

/home/takumi/Documents/workspace/tex/reports/å›ºä½“é›»å­æ§‹é€ ç‰¹è«–/report.te
x:19: Package inputenc Error: Unicode character ã¤ (U+3064)
(inputenc)                not set up for use with LaTeX.

See the inputenc package documentation for explanation.
Type  H <return>  for immediate help.
 ...                                              
                                                  
l.19 ã‚¢ãƒƒãƒ—ã‚¹ãƒ”ãƒ³ã«ç€ç›®ã™ã‚‹ã¨ã€4ã¤
                                                å…¨ã¦ãŒã‚¢ãƒƒãƒ—ã‚¹ãƒ”ãƒ³ã...

You may provide a definition with
\DeclareUnicodeCharacter 


/home/takumi/Documents/workspace/tex/reports/å›ºä½“é›»å­æ§‹é€ ç‰¹è«–/report.te
x:19: Package inputenc Error: Unicode character å…¨ (U+5168)
(inputenc)                not set up for use with LaTeX.

See the inputenc package documentation for explanation.
Type  H <return>  for immediate help.
 ...                                              
                                                  
l.19 ...ƒƒãƒ—ã‚¹ãƒ”ãƒ³ã«ç€ç›®ã™ã‚‹ã¨ã€4ã¤å…¨
                                                  ã¦ãŒã‚¢ãƒƒãƒ—ã‚¹ãƒ”ãƒ³ã...

You may provide a definition with
\DeclareUnicodeCharacter 


/home/takumi/Documents/workspace/tex/reports/å›ºä½“é›»å­æ§‹é€ ç‰¹è«–/report.te
x:19: Package inputenc Error: Unicode character ã¦ (U+3066)
(inputenc)                not set up for use with LaTeX.

See the inputenc package documentation for explanation.
Type  H <return>  for immediate help.
 ...                                              
                                                  
l.19 ...ƒ—ã‚¹ãƒ”ãƒ³ã«ç€ç›®ã™ã‚‹ã¨ã€4ã¤å…¨ã¦
                                                  ãŒã‚¢ãƒƒãƒ—ã‚¹ãƒ”ãƒ³ã®å ...

You may provide a definition with
\DeclareUnicodeCharacter 


/home/takumi/Documents/workspace/tex/reports/å›ºä½“é›»å­æ§‹é€ ç‰¹è«–/report.te
x:19: Package inputenc Error: Unicode character ãŒ (U+304C)
(inputenc)                not set up for use with LaTeX.

See the inputenc package documentation for explanation.
Type  H <return>  for immediate help.
 ...                                              
                                                  
l.19 ...‚¹ãƒ”ãƒ³ã«ç€ç›®ã™ã‚‹ã¨ã€4ã¤å…¨ã¦ãŒ
                                                  ã‚¢ãƒƒãƒ—ã‚¹ãƒ”ãƒ³ã®å ´å...

You may provide a definition with
\DeclareUnicodeCharacter 


/home/takumi/Documents/workspace/tex/reports/å›ºä½“é›»å­æ§‹é€ ç‰¹è«–/report.te
x:19: Package inputenc Error: Unicode character ã‚¢ (U+30A2)
(inputenc)                not set up for use with LaTeX.

See the inputenc package documentation for explanation.
Type  H <return>  for immediate help.
 ...                                              
                                                  
l.19 ...ƒ”ãƒ³ã«ç€ç›®ã™ã‚‹ã¨ã€4ã¤å…¨ã¦ãŒã‚¢
                                                  ãƒƒãƒ—ã‚¹ãƒ”ãƒ³ã®å ´åˆã€...

You may provide a definition with
\DeclareUnicodeCharacter 


/home/takumi/Documents/workspace/tex/reports/å›ºä½“é›»å­æ§‹é€ ç‰¹è«–/report.te
x:19: Package inputenc Error: Unicode character ãƒƒ (U+30C3)
(inputenc)                not set up for use with LaTeX.

See the inputenc package documentation for explanation.
Type  H <return>  for immediate help.
 ...                                              
                                                  
l.19 ...ƒ³ã«ç€ç›®ã™ã‚‹ã¨ã€4ã¤å…¨ã¦ãŒã‚¢ãƒƒ
                                                  ãƒ—ã‚¹ãƒ”ãƒ³ã®å ´åˆã€3ã...

You may provide a definition with
\DeclareUnicodeCharacter 


/home/takumi/Documents/workspace/tex/reports/å›ºä½“é›»å­æ§‹é€ ç‰¹è«–/report.te
x:19: Package inputenc Error: Unicode character ãƒ— (U+30D7)
(inputenc)                not set up for use with LaTeX.

See the inputenc package documentation for explanation.
Type  H <return>  for immediate help.
 ...                                              
                                                  
l.19 ...«ç€ç›®ã™ã‚‹ã¨ã€4ã¤å…¨ã¦ãŒã‚¢ãƒƒãƒ—
                                                  ã‚¹ãƒ”ãƒ³ã®å ´åˆã€3ã¤ã...

You may provide a definition with
\DeclareUnicodeCharacter 


/home/takumi/Documents/workspace/tex/reports/å›ºä½“é›»å­æ§‹é€ ç‰¹è«–/report.te
x:19: Package inputenc Error: Unicode character ã‚¹ (U+30B9)
(inputenc)                not set up for use with LaTeX.

See the inputenc package documentation for explanation.
Type  H <return>  for immediate help.
 ...                                              
                                                  
l.19 ...€ç›®ã™ã‚‹ã¨ã€4ã¤å…¨ã¦ãŒã‚¢ãƒƒãƒ—ã‚¹
                                                  ãƒ”ãƒ³ã®å ´åˆã€3ã¤ãŒã...

You may provide a definition with
\DeclareUnicodeCharacter 


/home/takumi/Documents/workspace/tex/reports/å›ºä½“é›»å­æ§‹é€ ç‰¹è«–/report.te
x:19: Package inputenc Error: Unicode character ãƒ” (U+30D4)
(inputenc)                not set up for use with LaTeX.

See the inputenc package documentation for explanation.
Type  H <return>  for immediate help.
 ...                                              
                                                  
l.19 ...›®ã™ã‚‹ã¨ã€4ã¤å…¨ã¦ãŒã‚¢ãƒƒãƒ—ã‚¹ãƒ”
                                                  ãƒ³ã®å ´åˆã€3ã¤ãŒã‚¢ã...

You may provide a definition with
\DeclareUnicodeCharacter 


/home/takumi/Documents/workspace/tex/reports/å›ºä½“é›»å­æ§‹é€ ç‰¹è«–/report.te
x:19: Package inputenc Error: Unicode character ãƒ³ (U+30F3)
(inputenc)                not set up for use with LaTeX.

See the inputenc package documentation for explanation.
Type  H <return>  for immediate help.
 ...                                              
                                                  
l.19 ...™ã‚‹ã¨ã€4ã¤å…¨ã¦ãŒã‚¢ãƒƒãƒ—ã‚¹ãƒ”ãƒ³
                                                  ã®å ´åˆã€3ã¤ãŒã‚¢ãƒƒã...

You may provide a definition with
\DeclareUnicodeCharacter 


/home/takumi/Documents/workspace/tex/reports/å›ºä½“é›»å­æ§‹é€ ç‰¹è«–/report.te
x:19: Package inputenc Error: Unicode character ã® (U+306E)
(inputenc)                not set up for use with LaTeX.

See the inputenc package documentation for explanation.
Type  H <return>  for immediate help.
 ...                                              
                                                  
l.19 ...‚‹ã¨ã€4ã¤å…¨ã¦ãŒã‚¢ãƒƒãƒ—ã‚¹ãƒ”ãƒ³ã®
                                                  å ´åˆã€3ã¤ãŒã‚¢ãƒƒãƒ—ã...

You may provide a definition with
\DeclareUnicodeCharacter 


/home/takumi/Documents/workspace/tex/reports/å›ºä½“é›»å­æ§‹é€ ç‰¹è«–/report.te
x:19: Package inputenc Error: Unicode character å ´ (U+5834)
(inputenc)                not set up for use with LaTeX.

See the inputenc package documentation for explanation.
Type  H <return>  for immediate help.
 ...                                              
                                                  
l.19 ...¨ã€4ã¤å…¨ã¦ãŒã‚¢ãƒƒãƒ—ã‚¹ãƒ”ãƒ³ã®å ´
                                                  åˆã€3ã¤ãŒã‚¢ãƒƒãƒ—ã‚¹ã...

You may provide a definition with
\DeclareUnicodeCharacter 


/home/takumi/Documents/workspace/tex/reports/å›ºä½“é›»å­æ§‹é€ ç‰¹è«–/report.te
x:19: Package inputenc Error: Unicode character åˆ (U+5408)
(inputenc)                not set up for use with LaTeX.

See the inputenc package documentation for explanation.
Type  H <return>  for immediate help.
 ...                                              
                                                  
l.19 ...€4ã¤å…¨ã¦ãŒã‚¢ãƒƒãƒ—ã‚¹ãƒ”ãƒ³ã®å ´åˆ
                                                  ã€3ã¤ãŒã‚¢ãƒƒãƒ—ã‚¹ãƒ”ã...

You may provide a definition with
\DeclareUnicodeCharacter 


/home/takumi/Documents/workspace/tex/reports/å›ºä½“é›»å­æ§‹é€ ç‰¹è«–/report.te
x:19: Package inputenc Error: Unicode character ã€ (U+3001)
(inputenc)                not set up for use with LaTeX.

See the inputenc package documentation for explanation.
Type  H <return>  for immediate help.
 ...                                              
                                                  
l.19 ...ã¤å…¨ã¦ãŒã‚¢ãƒƒãƒ—ã‚¹ãƒ”ãƒ³ã®å ´åˆã€
                                                  3ã¤ãŒã‚¢ãƒƒãƒ—ã‚¹ãƒ”ãƒ³ã...

You may provide a definition with
\DeclareUnicodeCharacter 

Missing character: There is no 3 in font nullfont!

/home/takumi/Documents/workspace/tex/reports/å›ºä½“é›»å­æ§‹é€ ç‰¹è«–/report.te
x:19: Package inputenc Error: Unicode character ã¤ (U+3064)
(inputenc)                not set up for use with LaTeX.

See the inputenc package documentation for explanation.
Type  H <return>  for immediate help.
 ...                                              
                                                  
l.19 ...…¨ã¦ãŒã‚¢ãƒƒãƒ—ã‚¹ãƒ”ãƒ³ã®å ´åˆã€3ã¤
                                                  ãŒã‚¢ãƒƒãƒ—ã‚¹ãƒ”ãƒ³ã®å ...

You may provide a definition with
\DeclareUnicodeCharacter 


/home/takumi/Documents/workspace/tex/reports/å›ºä½“é›»å­æ§‹é€ ç‰¹è«–/report.te
x:19: Package inputenc Error: Unicode character ãŒ (U+304C)
(inputenc)                not set up for use with LaTeX.

See the inputenc package documentation for explanation.
Type  H <return>  for immediate help.
 ...                                              
                                                  
l.19 ...¦ãŒã‚¢ãƒƒãƒ—ã‚¹ãƒ”ãƒ³ã®å ´åˆã€3ã¤ãŒ
                                                  ã‚¢ãƒƒãƒ—ã‚¹ãƒ”ãƒ³ã®å ´å...

You may provide a definition with
\DeclareUnicodeCharacter 


/home/takumi/Documents/workspace/tex/reports/å›ºä½“é›»å­æ§‹é€ ç‰¹è«–/report.te
x:19: Package inputenc Error: Unicode character ã‚¢ (U+30A2)
(inputenc)                not set up for use with LaTeX.

See the inputenc package documentation for explanation.
Type  H <return>  for immediate help.
 ...                                              
                                                  
l.19 ...Œã‚¢ãƒƒãƒ—ã‚¹ãƒ”ãƒ³ã®å ´åˆã€3ã¤ãŒã‚¢
                                                  ãƒƒãƒ—ã‚¹ãƒ”ãƒ³ã®å ´åˆã€...

You may provide a definition with
\DeclareUnicodeCharacter 


/home/takumi/Documents/workspace/tex/reports/å›ºä½“é›»å­æ§‹é€ ç‰¹è«–/report.te
x:19: Package inputenc Error: Unicode character ãƒƒ (U+30C3)
(inputenc)                not set up for use with LaTeX.

See the inputenc package documentation for explanation.
Type  H <return>  for immediate help.
 ...                                              
                                                  
l.19 ...‚¢ãƒƒãƒ—ã‚¹ãƒ”ãƒ³ã®å ´åˆã€3ã¤ãŒã‚¢ãƒƒ
                                                  ãƒ—ã‚¹ãƒ”ãƒ³ã®å ´åˆã€2ã...

You may provide a definition with
\DeclareUnicodeCharacter 


/home/takumi/Documents/workspace/tex/reports/å›ºä½“é›»å­æ§‹é€ ç‰¹è«–/report.te
x:19: Package inputenc Error: Unicode character ãƒ— (U+30D7)
(inputenc)                not set up for use with LaTeX.

See the inputenc package documentation for explanation.
Type  H <return>  for immediate help.
 ...                                              
                                                  
l.19 ...ƒƒãƒ—ã‚¹ãƒ”ãƒ³ã®å ´åˆã€3ã¤ãŒã‚¢ãƒƒãƒ—
                                                  ã‚¹ãƒ”ãƒ³ã®å ´åˆã€2ã¤ã...

You may provide a definition with
\DeclareUnicodeCharacter 


/home/takumi/Documents/workspace/tex/reports/å›ºä½“é›»å­æ§‹é€ ç‰¹è«–/report.te
x:19: Package inputenc Error: Unicode character ã‚¹ (U+30B9)
(inputenc)                not set up for use with LaTeX.

See the inputenc package documentation for explanation.
Type  H <return>  for immediate help.
 ...                                              
                                                  
l.19 ...ƒ—ã‚¹ãƒ”ãƒ³ã®å ´åˆã€3ã¤ãŒã‚¢ãƒƒãƒ—ã‚¹
                                                  ãƒ”ãƒ³ã®å ´åˆã€2ã¤ãŒã...

You may provide a definition with
\DeclareUnicodeCharacter 


/home/takumi/Documents/workspace/tex/reports/å›ºä½“é›»å­æ§‹é€ ç‰¹è«–/report.te
x:19: Package inputenc Error: Unicode character ãƒ” (U+30D4)
(inputenc)                not set up for use with LaTeX.

See the inputenc package documentation for explanation.
Type  H <return>  for immediate help.
 ...                                              
                                                  
l.19 ...‚¹ãƒ”ãƒ³ã®å ´åˆã€3ã¤ãŒã‚¢ãƒƒãƒ—ã‚¹ãƒ”
                                                  ãƒ³ã®å ´åˆã€2ã¤ãŒã‚¢ã...

You may provide a definition with
\DeclareUnicodeCharacter 


/home/takumi/Documents/workspace/tex/reports/å›ºä½“é›»å­æ§‹é€ ç‰¹è«–/report.te
x:19: Package inputenc Error: Unicode character ãƒ³ (U+30F3)
(inputenc)                not set up for use with LaTeX.

See the inputenc package documentation for explanation.
Type  H <return>  for immediate help.
 ...                                              
                                                  
l.19 ...ƒ”ãƒ³ã®å ´åˆã€3ã¤ãŒã‚¢ãƒƒãƒ—ã‚¹ãƒ”ãƒ³
                                                  ã®å ´åˆã€2ã¤ãŒã‚¢ãƒƒã...
(That makes 100 errors; please try again.) 
Here is how much of TeX's memory you used:
 459 strings out of 492649
 6020 string characters out of 6135778
 62430 words of memory out of 5000000
 4412 multiletter control sequences out of 15000+600000
 3640 words of font info for 14 fonts, out of 8000000 for 9000
 1141 hyphenation exceptions out of 8191
 25i,2n,21p,558b,58s stack positions out of 5000i,500n,10000p,200000b,80000s

/home/takumi/Documents/workspace/tex/reports/å›ºä½“é›»å­æ§‹é€ ç‰¹è«–/report.te
x:19:  ==> Fatal error occurred, no output PDF file produced!
